<?xml version="1.0" encoding="UTF-8"?>
<!-- Generated by org.testng.reporters.JUnitXMLReporter -->
<testsuite hostname="ESL006" ignored="0" name="Web" tests="6" failures="0" timestamp="03 Dec 2020 08:10:01 GMT" time="819.197" errors="0">
  <testcase name="TC_001_Get_Weather_Max_Report_For_WeekDays" time="61.323" classname="WebTestCases.TC_001_Get_Weather_Max_Report_For_WeekDay"/>
  <testcase name="TC_002_Get_Hourly_Weather_Report_For_Day" time="26.596" classname="WebTestCases.TC_002_Get_hourly_Weather_report_for_day"/>
  <testcase name="TC_003_Get_Hourly_Weather_Report_For_Day_And_Hide_The_Day" time="48.336" classname="WebTestCases.TC_003_Get_hourly_Weather_report_for_day_and_hide_the_day"/>
  <testcase name="TC_004_Daily_Forecast_Should_Summarize_The_3_Hour_Data" time="77.285" classname="WebTestCases.TC_004_Daily_forecast_should_summarize_the_3_hour_data"/>
  <testcase name="TC_005_Get_All_City_Weather_Report" time="299.549" classname="WebTestCases.TC_005_Get_all_city_weather_report"/>
  <testcase name="TC_006_Validate_Error_Message_When_User_Enter_Invalid_City" time="84.749" classname="WebTestCases.TC_006_Validate_error_message_when_user_enter_invalid_city"/>
</testsuite> <!-- Web -->
